PrototechLargeHeavyBlockArmorBlock
PrototechLargeHeavyBlockArmorSlope
PrototechLargeHeavyBlockArmorCorner
PrototechLargeHeavyBlockArmorCornerInv
PrototechLargeBlockHeavyArmorCornerSquare
PrototechLargeBlockHeavyArmorCornerSquareInverted
PrototechSmallHeavyBlockArmorBlock
PrototechSmallHeavyBlockArmorSlope
PrototechSmallHeavyBlockArmorCorner
PrototechSmallHeavyBlockArmorCornerInv
PrototechSmallBlockHeavyArmorCornerSquare
PrototechSmallBlockHeavyArmorCornerSquareInverted
-------

PrototechLargeHeavyBlockArmorSlope2Base
PrototechLargeHeavyBlockArmorSlope2Tip
PrototechLargeHeavyHalfArmorBlock
PrototechLargeHeavyHalfSlopeArmorBlock
PrototechLargeBlockHeavyArmorHalfSlopeCorner
PrototechLargeBlockHeavyArmorHalfCorner
PrototechLargeBlockHeavyArmorHalfSlopedCorner
PrototechSmallHeavyBlockArmorSlope2Base
PrototechSmallHeavyBlockArmorSlope2Tip
PrototechHeavyHalfArmorBlock
PrototechHeavyHalfSlopeArmorBlock
PrototechSmallBlockHeavyArmorHalfSlopeCorner
PrototechSmallBlockHeavyArmorHalfCorner
PrototechSmallBlockHeavyArmorHalfSlopedCorner
-------


PrototechLargeHeavyBlockArmorCorner2Base
PrototechLargeHeavyBlockArmorCorner2Tip
PrototechLargeHeavyBlockArmorInvCorner2Base
PrototechLargeHeavyBlockArmorInvCorner2Tip
PrototechLargeBlockHeavyArmorHalfSlopeCornerInverted
PrototechLargeBlockHeavyArmorHalfSlopeInverted
PrototechSmallHeavyBlockArmorCorner2Base
PrototechSmallHeavyBlockArmorCorner2Tip
PrototechSmallHeavyBlockArmorInvCorner2Base
PrototechSmallHeavyBlockArmorInvCorner2Tip
PrototechSmallBlockHeavyArmorHalfSlopeCornerInverted
PrototechSmallBlockHeavyArmorHalfSlopeInverted	
-------


PrototechLargeHeavyBlockArmorRoundSlope
PrototechLargeHeavyBlockArmorRoundCorner
PrototechLargeHeavyBlockArmorRoundCornerInv
PrototechSmallHeavyBlockArmorRoundSlope
PrototechSmallHeavyBlockArmorRoundCorner
PrototechSmallHeavyBlockArmorRoundCornerInv
-------

PrototechLargeBlockHeavyArmorSlopedCornerTip
PrototechLargeBlockHeavyArmorRaisedSlopedCorner
PrototechLargeBlockHeavyArmorSquareSlopedCornerTip
PrototechLargeBlockHeavyArmorSquareSlopedCornerBase
PrototechLargeBlockHeavyArmorSquareSlopedCornerTipInv
PrototechLargeBlockHeavyArmorSlopedCornerBase
PrototechLargeBlockHeavyArmorSlopedCorner
PrototechLargeBlockHeavyArmorHalfSlopedCornerBase
PrototechSmallBlockHeavyArmorSlopedCornerTip
PrototechSmallBlockHeavyArmorRaisedSlopedCorner
PrototechSmallBlockHeavyArmorSquareSlopedCornerTip
PrototechSmallBlockHeavyArmorSquareSlopedCornerBase
PrototechSmallBlockHeavyArmorSquareSlopedCornerTipInv
PrototechSmallBlockHeavyArmorSlopedCornerBase
PrototechSmallBlockHeavyArmorSlopedCorner
PrototechSmallBlockHeavyArmorHalfSlopedCornerBase
-------


PrototechLargeBlockHeavyArmorSlopeTransitionBase
PrototechLargeBlockHeavyArmorSlopeTransition
PrototechLargeBlockHeavyArmorSlopeTransitionTip
PrototechLargeBlockHeavyArmorSlopeTransitionBaseMirrored
PrototechLargeBlockHeavyArmorSlopeTransitionMirrored
PrototechLargeBlockHeavyArmorSlopeTransitionTipMirrored
PrototechSmallBlockHeavyArmorSlopeTransitionBase
PrototechSmallBlockHeavyArmorSlopeTransition
PrototechSmallBlockHeavyArmorSlopeTransitionTip
PrototechSmallBlockHeavyArmorSlopeTransitionBaseMirrored
PrototechSmallBlockHeavyArmorSlopeTransitionMirrored
PrototechSmallBlockHeavyArmorSlopeTransitionTipMirrored
-------


PrototechLargeArmorPanelHeavy
PrototechLargeArmorSlopedPanelHeavy
PrototechLargeArmorSlopedSidePanelHeavy
PrototechLargeArmor2x1SlopedPanelHeavy
PrototechLargeArmor2x1SlopedPanelTipHeavy
PrototechLargeArmor2x1SlopedSideBasePanelHeavy
PrototechLargeArmor2x1SlopedSideTipPanelHeavy
PrototechLargeArmor2x1SlopedSideBasePanelHeavyInv
PrototechLargeArmor2x1SlopedSideTipPanelHeavyInv
PrototechLargeArmorHalfSlopedPanelHeavy
PrototechLargeArmor2x1HalfSlopedPanelHeavyRight
PrototechLargeArmor2x1HalfSlopedTipPanelHeavyRight
PrototechLargeArmor2x1HalfSlopedPanelHeavyLeft
PrototechLargeArmor2x1HalfSlopedTipPanelHeavyLeft
PrototechLargeRoundArmorPanelHeavy
PrototechLargeRoundArmorPanelCornerHeavy
PrototechLargeRoundArmorPanelFaceHeavy
PrototechLargeRoundArmorPanelInvertedCornerHeavy
PrototechLargeArmorHalfCenterPanelHeavy
PrototechLargeArmorHalfPanelHeavy
PrototechLargeArmorQuarterPanelHeavy
PrototechLargeArmorCenterPanelHeavy
PrototechSmallArmorPanelHeavy
PrototechSmallArmorSlopedPanelHeavy
PrototechSmallArmorSlopedSidePanelHeavy
PrototechSmallArmor2x1SlopedPanelHeavy
PrototechSmallArmor2x1SlopedPanelTipHeavy
PrototechSmallArmor2x1SlopedSideBasePanelHeavy
PrototechSmallArmor2x1SlopedSideTipPanelHeavy
PrototechSmallArmor2x1SlopedSideBasePanelHeavyInv
PrototechSmallArmor2x1SlopedSideTipPanelHeavyInv
PrototechSmallArmorHalfSlopedPanelHeavy
PrototechSmallArmor2x1HalfSlopedPanelHeavyRight
PrototechSmallArmor2x1HalfSlopedTipPanelHeavyRight
PrototechSmallArmor2x1HalfSlopedPanelHeavyLeft
PrototechSmallArmor2x1HalfSlopedTipPanelHeavyLeft
PrototechSmallRoundArmorPanelHeavy
PrototechSmallRoundArmorPanelCornerHeavy
PrototechSmallRoundArmorPanelFaceHeavy
PrototechSmallRoundArmorPanelInvertedCornerHeavy
PrototechSmallArmorHalfCenterPanelHeavy
PrototechSmallArmorHalfPanelHeavy
PrototechSmallArmorQuarterPanelHeavy
PrototechSmallArmorCenterPanelHeavy






	





















